Using pre-set license
Built from '2020.3/release' branch; Version is '2020.3.1f1 (77a89f25062f) revision 7841951'; Using compiler version '192528614'; Build Type 'Release'
OS: 'Windows 10 Home; OS build 19042.867; Version 2009; 64bit' Language: 'en' Physical Memory: 16271 MB
BatchMode: 1, IsHumanControllingUs: 0, StartBugReporterOnCrash: 0, Is64bit: 1, IsPro: 0

 COMMAND LINE ARGUMENTS:
C:\Program Files\Unity\Hub\Editor\2020.3.1f1\Editor\Unity.exe
-adb2
-batchMode
-noUpm
-name
AssetImportWorker0
-projectPath
C:/Users/Izes/New Unity Project
-logFile
Logs/AssetImportWorker0.log
-srvPort
50769
Successfully changed project path to: C:/Users/Izes/New Unity Project
C:/Users/Izes/New Unity Project
Using Asset Import Pipeline V2.
Refreshing native plugins compatible for Editor in 33.57 ms, found 1 plugins.
Preloading 0 native plugins for Editor in 0.00 ms.
Initialize engine version: 2020.3.1f1 (77a89f25062f)
[Subsystems] Discovering subsystems at path C:/Program Files/Unity/Hub/Editor/2020.3.1f1/Editor/Data/Resources/UnitySubsystems
[Subsystems] Discovering subsystems at path C:/Users/Izes/New Unity Project/Assets
GfxDevice: creating device client; threaded=0
Direct3D:
    Version:  Direct3D 11.0 [level 11.1]
    Renderer: AMD Radeon RX 5700 XT (ID=0x731f)
    Vendor:   
    VRAM:     8152 MB
    Driver:   27.20.14501.28009
Initialize mono
Mono path[0] = 'C:/Program Files/Unity/Hub/Editor/2020.3.1f1/Editor/Data/Managed'
Mono path[1] = 'C:/Program Files/Unity/Hub/Editor/2020.3.1f1/Editor/Data/MonoBleedingEdge/lib/mono/unityjit'
Mono config path = 'C:/Program Files/Unity/Hub/Editor/2020.3.1f1/Editor/Data/MonoBleedingEdge/etc'
Using monoOptions --debugger-agent=transport=dt_socket,embedding=1,server=y,suspend=n,address=127.0.0.1:56652
Begin MonoManager ReloadAssembly
Registering precompiled unity dll's ...
Register platform support module: C:/Program Files/Unity/Hub/Editor/2020.3.1f1/Editor/Data/PlaybackEngines/WindowsStandaloneSupport/UnityEditor.WindowsStandalone.Extensions.dll
Registered in 0.001320 seconds.
Native extension for WindowsStandalone target not found
Refreshing native plugins compatible for Editor in 33.16 ms, found 1 plugins.
Preloading 0 native plugins for Editor in 0.00 ms.
Invoked RoslynAnalysisRunner static constructor.
RoslynAnalysisRunner will not be running.
RoslynAnalysisRunner has terminated.
Mono: successfully reloaded assembly
- Completed reload, in  0.830 seconds
Platform modules already initialized, skipping
Registering precompiled user dll's ...
Registered in 0.000642 seconds.
Begin MonoManager ReloadAssembly
Native extension for WindowsStandalone target not found
Refreshing native plugins compatible for Editor in 33.29 ms, found 1 plugins.
Preloading 0 native plugins for Editor in 0.00 ms.
Invoked RoslynAnalysisRunner static constructor.
RoslynAnalysisRunner will not be running.
RoslynAnalysisRunner has terminated.
Mono: successfully reloaded assembly
- Completed reload, in  0.773 seconds
Platform modules already initialized, skipping
========================================================================
Worker process is ready to serve import requests
Launched and connected shader compiler UnityShaderCompiler.exe after 0.06 seconds
Refreshing native plugins compatible for Editor in 0.43 ms, found 1 plugins.
Preloading 0 native plugins for Editor in 0.00 ms.
Unloading 1807 Unused Serialized files (Serialized files now loaded: 0)
System memory in use before: 84.6 MB.
System memory in use after: 84.6 MB.

Unloading 24 unused Assets to reduce memory usage. Loaded Objects now: 2249.
Total: 2.168800 ms (FindLiveObjects: 0.265400 ms CreateObjectMapping: 0.047100 ms MarkObjects: 1.737000 ms  DeleteObjects: 0.118100 ms)

========================================================================
Received Import Request.
  path: Assets/Prefeb/RightColumn.prefab
  artifactKey: Guid(b344d1646289fd343a0260cf3a1186b9) Importer(815301076,1909f56bfc062723c751e8b465ee728b)
Start importing Assets/Prefeb/RightColumn.prefab using Guid(b344d1646289fd343a0260cf3a1186b9) Importer(815301076,1909f56bfc062723c751e8b465ee728b)  -> (artifact id: '01702ecf3bc565eef326a2eeb768163e') in 0.099632 seconds
  Import took 0.102921 seconds .

========================================================================
Received Import Request.
  Time since last request: 214.733274 seconds.
  path: Assets/Scenes/main.unity
  artifactKey: Guid(479233e946672b54bb58078c54787e8c) Importer(815301076,1909f56bfc062723c751e8b465ee728b)
Start importing Assets/Scenes/main.unity using Guid(479233e946672b54bb58078c54787e8c) Importer(815301076,1909f56bfc062723c751e8b465ee728b)  -> (artifact id: '87dc68cbc957153c2a947c5dc492835d') in 0.005906 seconds
  Import took 0.008988 seconds .

========================================================================
Received Import Request.
  Time since last request: 344.428844 seconds.
  path: Assets/Scenes/main.unity
  artifactKey: Guid(479233e946672b54bb58078c54787e8c) Importer(815301076,1909f56bfc062723c751e8b465ee728b)
Start importing Assets/Scenes/main.unity using Guid(479233e946672b54bb58078c54787e8c) Importer(815301076,1909f56bfc062723c751e8b465ee728b)  -> (artifact id: '06a43db85c8666c1aa64a624b2b039f6') in 0.002481 seconds
  Import took 0.005542 seconds .

========================================================================
Received Import Request.
  Time since last request: 1255.397894 seconds.
  path: Assets/BowlingBall.cs
  artifactKey: Guid(1ad6c950cfefefa4fa4433cdb9b46580) Importer(815301076,1909f56bfc062723c751e8b465ee728b)
Start importing Assets/BowlingBall.cs using Guid(1ad6c950cfefefa4fa4433cdb9b46580) Importer(815301076,1909f56bfc062723c751e8b465ee728b)  -> (artifact id: '6e309332e280747f32e36056631a1cc7') in 0.014999 seconds
  Import took 0.018359 seconds .

AssetImportWorkerClient::OnTransportError - code=2 error=End of file
